<?xml version="1.0" encoding="UTF-8"?>
<!-- Generated by org.testng.reporters.JUnitReportReporter -->
<testsuite skipped="0" hostname="DESKTOP-B71O6TR" name="JiraDemo.JiraApiUser" tests="2" failures="0" timestamp="24 Jun 2020 16:39:19 GMT" time="7.235" errors="0">
  <testcase name="createSessionData" time="7.221" classname="JiraDemo.JiraApiUser"/>
  <testcase name="createIssueData" time="0.014" classname="JiraDemo.JiraApiUser"/>
</testsuite> <!-- JiraDemo.JiraApiUser -->
